<?xml version="1.0" encoding="UTF-8"?>
<!-- Generated by org.testng.reporters.JUnitReportReporter -->
<testsuite hostname="LAPTOP-A3CNVOI4" failures="0" tests="1" name="TestCases.verifyLogin" time="6.356" errors="0" timestamp="2023-02-13T09:06:25 IST" skipped="0">
  <testcase classname="TestCases.verifyLogin" name="login" time="6.356"/>
  <system-out/>
</testsuite> <!-- TestCases.verifyLogin -->
