<?xml version="1.0" encoding="UTF-8"?>
<!-- Generated by org.testng.reporters.JUnitReportReporter -->
<testsuite hostname="LAPTOP-A3CNVOI4" failures="0" tests="1" name="TestCases.verifySignup" time="15.747" errors="0" timestamp="2023-02-17T08:58:55 IST" skipped="0">
  <testcase classname="TestCases.verifySignup" name="signup" time="15.747"/>
  <system-out/>
</testsuite> <!-- TestCases.verifySignup -->
